Log for student s1514483, green deer at 2018-01-07T16-00-01+0000
Rootd: /home/s1467120/llvm-marking-suite
UUN: s1514483
Salias: green deer
========== Updating Repository
Moved to directory /home/s1467120/llvm-marking-suite/students/s1514483.repo
Already on 'master'
Your branch is up-to-date with 'origin/master'.
-- Detecting C compiler ABI info - done
-- Detecting C compile features
-- Detecting C compile features - done
-- Check for working CXX compiler: /usr/bin/c++
-- Check for working CXX compiler: /usr/bin/c++ -- works
-- Detecting CXX compiler ABI info
-- Detecting CXX compiler ABI info - done
-- Detecting CXX compile features
Already up-to-date.
========== Making temp copies
Moved to directory /home/s1467120/llvm-marking-suite/tmp/s1514483/part-4
========== Compiling passes
rm -rf /home/s1467120/llvm-marking-suite/tmp/s1514483/part-4/passes/llvm-pass-my-dce/build /home/s1467120/llvm-marking-suite/tmp/s1514483/part-4/passes/llvm-pass-simple-dce/build /home/s1467120/llvm-marking-suite/tmp/s1514483/part-4/passes/passes/build
rm -rf /home/s1467120/llvm-marking-suite/tmp/s1514483/part-4/passes/llvm-pass-my-dce/output /home/s1467120/llvm-marking-suite/tmp/s1514483/part-4/passes/llvm-pass-simple-dce/output /home/s1467120/llvm-marking-suite/tmp/s1514483/part-4/passes/passes/output
mkdir -p /home/s1467120/llvm-marking-suite/tmp/s1514483/part-4/passes/llvm-pass-my-dce/build
cd /home/s1467120/llvm-marking-suite/tmp/s1514483/part-4/passes/llvm-pass-my-dce/build; export LLVM_DIR=/home/s1467120/llvm-marking-suite/llvm-build/; cmake ..
-- Detecting CXX compile features - failed
CMake Error at skeleton/CMakeLists.txt:7 (target_compile_features):
  target_compile_features no known features for CXX compiler

  "GNU"

  version 4.8.5.


-- Configuring incomplete, errors occurred!
See also "/home/s1467120/llvm-marking-suite/tmp/s1514483/part-4/passes/llvm-pass-my-dce/build/CMakeFiles/CMakeError.log".
Makefile:17: recipe for target '/home/s1467120/llvm-marking-suite/tmp/s1514483/part-4/passes/llvm-pass-my-dce/build' failed
make: *** [/home/s1467120/llvm-marking-suite/tmp/s1514483/part-4/passes/llvm-pass-my-dce/build] Error 1
rm /home/s1467120/llvm-marking-suite/tmp/s1514483/part-4/passes/llvm-pass-my-dce/buildmake: unlink: /home/s1467120/llvm-marking-suite/tmp/s1514483/part-4/passes/llvm-pass-my-dce/build: Is a directory

Building/running passes for student s1514483 failed!
Building/running marking script for student s1514483 failed!
Finished marking student s1514483
-- The C compiler identification is GNU 4.8.5
-- Check for working C compiler: /usr/bin/cc
-- Check for working C compiler: /usr/bin/cc -- works
-- Detecting C compiler ABI info
-- Detecting C compiler ABI info - done
-- Detecting C compile features
-- Detecting C compile features - done
CMake Error at skeleton/CMakeLists.txt:7 (target_compile_features):
  target_compile_features no known features for CXX compiler

  "GNU"

  version 4.8.5.


-- Configuring incomplete, errors occurred!
See also "/home/s1467120/llvm-marking-suite/tmp/s1514483/part-4/passes/llvm-pass-my-dce/build/CMakeFiles/CMakeOutput.log".
See also "/home/s1467120/llvm-marking-suite/tmp/s1514483/part-4/passes/llvm-pass-my-dce/build/CMakeFiles/CMakeError.log".
Makefile:17: recipe for target '/home/s1467120/llvm-marking-suite/tmp/s1514483/part-4/passes/llvm-pass-my-dce/build' failed
make: *** [/home/s1467120/llvm-marking-suite/tmp/s1514483/part-4/passes/llvm-pass-my-dce/build] Error 1
rm /home/s1467120/llvm-marking-suite/tmp/s1514483/part-4/passes/llvm-pass-my-dce/buildmake: unlink: /home/s1467120/llvm-marking-suite/tmp/s1514483/part-4/passes/llvm-pass-my-dce/build: Is a directory

Building/running passes for student s1514483 failed!
Building/running marking script for student s1514483 failed!
Finished marking student s1514483
